aUL+KgSHAZdhIQg3NQgOzlaqxbT+5oRj+Ze6stFbIx+00f6rovxyydR8wawLwEpgtNTZuznl5D1mfN0xZ9qzhaw/vjT6n4KIcFLokE8n0TdMhdKVagEBMS8Om6Wc0r/vDKYBscgK50kImVsI6q/Lneb79zoJDjXuKuzBU3wekVCYbn0FiMilWn5YYhhOAel/T7OPtaPo
yBNPyhQQX8syu5pBXow89M1T7/sBH7NKCn8zW3ks4YK3FVT1XC6kQPvlVDb6tqFHPRM0atQuk8+6ib8zqs7aue7aSIwsWh9RjZWka2YP6oeNw7ew/88sBEMtROhViyjsy1twh18C+pnX/87VA+BJSHlc8hJl+QyILdIQ4Ol/KG5JiMYGJlKe9zVdJ927r6Pu
NeRC4SmOaSq34RWXWzl4owDMGXeWwH8TBFOMeIzDnxdsI8KUk56zNBLNAwJ4s7RFzIHizMC6NOlIF9Vd/fOJNFPVpZBW3RHhRPLExBMpJAIHDyPj9T8kvgyyMwuShY/HErIaXea2mBi0Bv9V5dlU3x4z6qPFbyfkp9MMQOuh9Jxtd2iIQ7cgk0femh0/M77h+1zJ7LFw4sa9ZaxMBd4gFFED6IpB5BaSvg5+810R12nDk6PK
RZkDHqdYRdqFXSMqvPVKYhElJB5eNMTxqeYDIph6EXyxMSboY53VAP6vmLD3YoH7ruA6c/ZUGeqQjKFcgSpF50CntvgeKEgqXn8oEw1pQKSF+b6oDYs8eKWJAESquf3iqN38ssAtx6mxq5e2TxOWpCm3IZxlV+hYB+szEsvgjaamXz476LWoo/c=
VXCQMc1MziVD5KQe/jLJ2gUUHjo8Ds1vGtw9SLOjqpBTKXg9VSMrE5xyPVxd+eJYB+xIgGJXfACzKu3bgug+Y9IMZaosVEXMBaIph+xvcgg6EFQqQkcM48mh7MTpcTo46VOAONnRJFSusdHCxJW4AiTVWykt0/MGi9t6hAW/JYxBjxSYu7NXgk9oYUYKF3pLzI20o+s=
4RCbIN4O7RO6sNtwrjz2bQUUHjo8Ds1vGtw9SLOjqpBTOHAzUywqQZxyPVxd+eJYB+1IgGJXfACzKu3bgug+Y9IMZaosVEXMBaIph+xvcgg6EFQqQkcM48mh7MTpcTo46VOAONnRJFSusdHCxJW4AiTVWykt0/MGi9t6hAW/JYxBjxSYu7NXgk9oYUYKF3pLzI20o+s=
J1rLQ5qW6pWlLdRhy9qRFZaNYA5p1FndVdiVkUE2zXvWEs8hQWwiOgB2iZ+6RL/uf++FghYgabTd9frReDpxfFHxhmjDVjQAnu84MFci4ftOIFrzVpQ56vBMQdwhamXnYOfWeP7oaCp+v8iTbSlgpKW5HijtS1x4hUmgxMp5HeLInVwyYG2nqVFrNzbv03akSffBHMUXyFjnq1OSayCtpoaf3ruI9Yij1w==
BdF4nYOb2Thi/gHqRcQnH9io4uyDTuufWLTSbjQYApSX6eSw/w31AYSSxCRTSaSiQS8gw7WfpN5MUjNrUmUPZ9KSGn0mFhj4dGb/taW51H9eE+qDhc+nhOczDCArQXQ8rVdoqIMXoHOHvpr9f1M+Qbt8yczx0GKm/YWsLMU+oLSRI+iqgUSWcn5ufhMdcVfJg7Oj6g==
vfs1rWsddkcQwNIN+ldEFSYvI/V0FH0iOF+5Xw0pBz3pj0QQS1E35oieKhEomuH8IVF2qLNwxADuz8hwJ4IRe96AirMGtCnq4KyRnHGK9WfQB2Y4zghYKk5f+NPdydAkNVlOaD2rTHiVafCEGtmNYjg9LHKQTdepoUtH9h9zBiTZV5HcFTfYWPfLA1K7QD0mNv9ue7iVuKPn
krANigZ654D+7qSSra5DJAu5z6Ti7ocw45WkosIcPzy03P7ExJIb091r2KQ09mcH/JiL6WCB8SFsFPAEY9mGi7c9vjT6n4KIcFLokE8n0TdMhdKVagEBMS8Om6Wc0r/vDKYBscgK50kImVsI6q/Lneb79zoJDjXuKuzBU3wekVCYbn0FiMilWn5YYhhOAel/T7OPtaPo
/vobdMsV4sCqEZnq71tJkjBPwX8l2d99kd/s8Mzr8TRFJbKxQMpZPPlhHsiLYswA5t/wkM+ySTtmUGITnsShamgcCfzZWg2niHdOGDYYUCpGTwDz9bmI5M2J5gilG8T4HRloJPIJNSJgDcSSqF3fqalbf5Z3Q97kYQf5fI3HUNh/e5uyExBFZu4PRlvAhbCj7w==
cCDQiVtepBXOjihbaRy6jiJ6APihBX8KLH8pfQjH9Fk0SgT8YxHEunA2INuFh8SGfIrzs+I9b/9iCprllo54oMS+P22V4bRnbgvqm7XXx9zX68z4mxkUpB3P6DAzj8ArN2ZaJU8LXlmLZMnUwcgC/s1dbPR1ZsAsIbtoMjHc9irOtr7LLSk30bOro/I=
erLUfaapNJW8r7tEY6V3hJCOo90TUNKuOFBkf38D9xLgDHpDUhIkcTub77WJHdahRMJFHIUp2jgv+EGAakdU4It6tRt6WGYDevztKqTkrWxd0pFHND8KKNIAXCpKV+TDsfE0BFEBYpgB4wi4USGMNPYBKQKcxYDiDMVTKSXD22azC6LEfQ/9bOn/nBgzAz8il5jZBlLHgmuknbyj4w==
98qVLspamg2Liyqwi7r/5tSp7uGaD6LXR6OLY3hHXsaV8KWw/w31AYSSxCRTSaSiRi4gw7WfpN5MUjNrUmUPZ9KSGn0mFhj4dGb/taW51H9eE+qDhc+nhOczDCArQXQ8rVdoqIMXoHOHvpr9f1M+Qbt8yczx0GKm/YWsLMU+oLSRI+iqgUSWcn5ufhMdcVfJg7Oj6g==
gNOAAo5NSIlttgo8Vv2ZxDlchw5KU7TZxV9CqbkSyhxxSyQVnStODO0J/ulz/nsSJwL1i02URqdmjUUjOyhg5wn8acSQAqaXXviFjPiu8zsnc3BCIeQY6e+5HTOaOT4Xr6J1Ec0SJoxBWoKQAceASFQafytM1JCk4c3pbdw46OgDNd4nBzFmuDqTWgRAfrB8L8tJm3zJStlqTZl9H6IDSfw+58M8Ktm9CIY/Rbg1A+SKQ9OxVrfvdolCLaKawNm/HPLJ/ChipYlIxH3WTnQ69C7tcdN//xf5o6Q=
kZuL04/p1UaKihCyCbuD/tgtIfvaxIohOxikTx4jNiNDat/q3TkcrmkuJP+phKVxEQTNHZBqKbxpga6I20w9AZb/IFB/0tm7lvAyU64ksWp4PPk8iTq9JxjXPljm+GAqdq/Qs4UZGGR96bbIVTvU+A35WGSiqcWi8G10Unh9r6lZey/Wx6NOZBGnKby9p0DYb1vr8sPw9eZ+r7abkOWAo98=
UpV2hL95Jrq6DdJVOVnx6rWuA7/LpuLgmzrbi7KGoFYBxcz636ttKGns910sdmSIK900XsOpoU8taxRCJPbTh+oxX9saVloxfiLoJFwC35ldrcQDVhfqj527l5gPF2xME5WkAOUTqGRbo9AvL1o6UQfHrr0z+ElAaSTSOpUhTMB9avAIWeeo5tlwZq5WCl4/5WVHtYu3o+Y=
M+D+CzzHGFTXuSR0LTM4zX11ehWZHWHPIWqi16PY8QVHV2IV3f2qHmtsizXUAEGhiE6kGzpYBeY7a9SEiLs0oMPKivijVLPOvzd648SQvJzSqsTLint/LXp0fx2MoA//Jlh/fcKMGN2HchJZDlpimZ3p65+1Xr0XrLRT0xNUp6My+J2fsZp5BHd2HBtMU8qBsqPt
re6hQWms9VnTlnBDvRWdY15oA203DWdpdGm2Jn8M/21o0K1KHM4wc1YIuT7Pi8C8lMtYiPcKfhAP5C+2K5fOOzhAkLTGqtDjpquD9c7U62UQEKMX0phLVa78BOWTkuaBsgoO8Qlpf3dZjgFP2NRH6w+kS4sGuOn3HSrl/OPWqEMwA+appqP5
djwQipxjKOrPft4fIBBVwvSWyoeL6vsDHdu41LRGx/c8SK3/bpHR8azkULTjqeY7d+1eJPqP4tgw4ghgz5dxRwzV8oVqESFhb347FRwiX19M9mGhyBoHmcgpO3hqH2ttJivXKgkeFT7qHGHj/G7x4Fi+nRWI2MUKPuiC6M6xSQ8P46+lo/g=
tcxqSYrrgsHzsi5OslFfe1xoA3w1G2NpdGm2Jn8M/21o0K1MHM4wc1YIuT7Pi8C8lMtYiPcKfhAP5C+2K5fOOzhAkLTGqtDjpquD9c7U62UQEKMX0phLVa78BOWTkuaBsgoO8Qlpf3dZjgFP2NRH6w+kS4sGuOn3HSrl/OPWqEMwA+appqP5
79mtWT0OzIn0v7hYJuADc/SWzJGX9/sDHdu41LRGx/c8SKv/bpHR8azkULTjqeY7d+1eJPqP4tgw4ghgz5dxRwzV8oVqESFhb347FRwiX19M9mGhyBoHmcgpO3hqH2ttJivXKgkeFT7qHGHj/G7x4Fi+nRWI2MUKPuiC6M6xSQ8P46+lo/g=
CXUNnTQXfXE7J7mtoFcXw/SWzYeF8vsDHdu41LRGx/c8SKj/bpHR8azkULTjqeY7d+1eJPqP4tgw4ghgz5dxRwzV8oVqESFhb347FRwiX19M9mGhyBoHmcgpO3hqH2ttJivXKgkeFT7qHGHj/G7x4Fi+nRWI2MUKPuiC6M6xSQ8P46+lo/g=
MU2HV5Zsay2Gh51nMB20KhYDqJuixQ1blL0nXyVlLhDqC/cPa14fRxZIgquahix27tmuFhdMV/2QcOU7A88og56owa5nSyiMjKsQWA+KxkBHxDdGA9emq4CgWITeqsjTbks7ZaaUw5UIMOtHahizheacHNV7Uk4RyqrGARFpZwcRLvnfcJQv2xdEg9t+OFEn1Qr9jMsWQNOIY66ZvqPh
uvTgAeIcT/hpl2RADFpqvynEcpbFB2Cr2aCs6YFilXPYqMZJztuFtEszcSBnNQWqV4iqaL6b25EFfWSzltuJd58efQ2Cja8PQhqa9bZ+uBCkLr/9dVH0F04b6ouVp4dsN3tMaPup1FQ93+ggE38Am1f22rWvux4pq3TJxOG4Qk4tzexkFdYA3AGkaCIRLDaariY+W82Zd6GTu6Pi
uvTgAeIcT/hpl2RADFpqvynEcpbFB2Cr2aCs6YFilXPYqMZJztuFtEszcSBnNQWqV4iqaL6b25EFfWSzltuJd58efQ2Cja8PQhqa9bZ+uBCkLr/9dVH0F04b6ouVp4dsN3tMaPup1FQ93+ggE38Am1f22rWvux4pq3TJxOG4Qk4tzexkFdYA3AGkaCIRLDaariY+W82Zd6GTu6Pi
6ADOqX4HJRZWa6koTn9WbSnEcpbFB2Cr2aCs6YFilXPYqMZJztuFtEszcSBnNQWqV4iqaL6b25EFfWSzltuJd58efQ2Cja8PQhqa9bZ+uBCkLr/9dVH0F04b6ouVp4dsN3tMaPup1FQ93+ggE38Am1f22rWvux4pq3TJxOG4Qk4tzexkFdYA3AGpaSIQLDaariY+W82Zd6GTu6Pi
