BJrhQRdsgSwW/qOnxpdmCVaqxbT+5oRj+Ze6stFbIx+00f6rovxyydR8wawLwEpgtNTZuznl5D1mfN0xZ9qzhaw/vjT6n4KIcFLokE8n0TdMhdKVagEBMS8Om6Wc0r/vDKYBscgK50kImVsI6q/Lneb79zoJDjXuKuzBU3wekVCYbn0LisihX35ZYhhJAel/T7OPv6Pv
89/ZOd565hGW8PSAuvQcvs1T7/sBH7NKCn8zW3ks4YK3FVT1XC6kQPvlVDb6tqFHPRM0atQuk8+6ib8zqs7aue7aSIwsWh9RjZWka2YP6oeNw7ew/88sBEMtROhViyjsy1twh18C+pnX/87VA+BJSHlc8hJl+QyILdIQ4OlxKm5NjcYHJlKZ9zVdJ927paPp
PypiifhySCiasX/pcvavmADMGXeWwH8TBFOMeIzDnxdsI8KUk56zNBLNAwJ4s7RFzIHizMC6NOlIF9Vd/fOJNFPVpZBW3RHhRPLExBMpJAIHDyPj9T8kvgyyMwuShY/HErIaXea2mBi0Bv9V5dlU3x4z6qPFbyfkp9MMQOuh9Jxtd2iIQ7cgk0femh0/M77h+1zJ7LFw4sa9ZaxMBd4gFFEN6opF4RaTvg55810R12nDmaPN
v8XTA0H0EGFWP5FLQ8dn4RElJB5eNMTxqeYDIph6EXyxMSboY53VAP6vmLD3YoH7ruA6c/ZUGeqQjKFcgSpF50CntvgeKEgqXn8oEw1pQKSF+b6oDYs8eKWJAESquf3iqN38ssAtx6mxq5e2TxOWpCm3IZxlV+ZaB+82EsrgjaGmXz476LWio/A=
FkwLgGzWWdk6C/Cu0F2jkAUUHjo8Ds1vGtw9SLOjqpBTKXg9VSMrE5xyPVxd+eJYB+xIgGJXfACzKu3bgug+Y9IMZaosVEXMBaIph+xvcgg6EFQqQkcM48mh7MTpcTo46VOAONnRJFSusdHCxJW4AiTVWykt0/MGi9t6hAW/JYxBjxqau7dSgk5oYUEKF3pLzI2+o+w=
yr9BO+haFJjc4TrgvcZ9awUUHjo8Ds1vGtw9SLOjqpBTOHAzUywqQZxyPVxd+eJYB+1IgGJXfACzKu3bgug+Y9IMZaosVEXMBaIph+xvcgg6EFQqQkcM48mh7MTpcTo46VOAONnRJFSusdHCxJW4AiTVWykt0/MGi9t6hAW/JYxBjxqau7dSgk5oYUEKF3pLzI2+o+w=
Kh980sQHBYhHCyuCLIpBM5aNYA5p1FndVdiVkUE2zXvWEs8hQWwiOgB2iZ+6RL/uf++FghYgabTd9frReDpxfFHxhmjDVjQAnu84MFci4ftOIFrzVpQ56vBMQdwhamXnYOfWeP7oaCp+v8iTbSlgpKW5HijtS1x4hUmgxMp5HeLInVwyYG2nqVFrNzbv03akSffBHMUXxlrnr1aSaiCtoYaf3ruI9YKj0A==
ssvS9F1vtjiThPAz41RoI9io4uyDTuufWLTSbjQYApSX6eSw/w31AYSSxCRTSaSiQS8gw7WfpN5MUjNrUmUPZ9KSGn0mFhj4dGb/taW51H9eE+qDhc+nhOczDCArQXQ8rVdoqIMXoHOHvpr9f1M+Qbt8yczx0GKm/YWsLMU+oLSRLeqqhUGWc35ueRMdcVfJg7mj7Q==
fBTtuAkfHzQYppw0It33IiYvI/V0FH0iOF+5Xw0pBz3pj0QQS1E35oieKhEomuH8IVF2qLNwxADuz8hwJ4IRe96AirMGtCnq4KyRnHGK9WfQB2Y4zghYKk5f+NPdydAkNVlOaD2rTHiVafCEGtmNYjg9LHKQTdepoUtH9h9zBiTZV5HcFTfWWvfPBlK6QD0hNv9ue7iVsqPg
mrvf5itUbAzg5hf/mU6KZwu5z6Ti7ocw45WkosIcPzy03P7ExJIb091r2KQ09mcH/JiL6WCB8SFsFPAEY9mGi7c9vjT6n4KIcFLokE8n0TdMhdKVagEBMS8Om6Wc0r/vDKYBscgK50kImVsI6q/Lneb79zoJDjXuKuzBU3wekVCYbn0LisihX35ZYhhJAel/T7OPv6Pv
SW40xWzopE8c6b2vil95BzBPwX8l2d99kd/s8Mzr8TRFJbKxQMpZPPlhHsiLYswA5t/wkM+ySTtmUGITnsShamgcCfzZWg2niHdOGDYYUCpGTwDz9bmI5M2J5gilG8T4HRloJPIJNSJgDcSSqF3fqalbf5Z3Q97kYQf5fI3HXtp/f56yEhBFYe4PRlvAhbqj6A==
/ZzlV4aIvDpDKsIIRNcd3yJ6APihBX8KLH8pfQjH9Fk0SgT8YxHEunA2INuFh8SGfIrzs+I9b/9iCprllo54oMS+P22V4bRnbgvqm7XXx9zX68z4mxkUpB3P6DAzj8ArN2ZaJU8LXlmLZMnUwcgC/s1dbPR1ZsAsIbVqMjXZ9ivOtrnLLSk30bOho/U=
d3oEc6UWo1CU2NEqRXGQ/pCOo90TUNKuOFBkf38D9xLgDHpDUhIkcTub77WJHdahRMJFHIUp2jgv+EGAakdU4It6tRt6WGYDevztKqTkrWxd0pFHND8KKNIAXCpKV+TDsfE0BFEBYpgB4wi4USGMNPYBKQKcxYDiDMVTKSXD22azC6LEfQ/9bOn/khozBzoilpjZAVLHgmuknbaj5A==
d98VRT8v1GUnP4ALRrEZftSp7uGaD6LXR6OLY3hHXsaV8KWw/w31AYSSxCRTSaSiRi4gw7WfpN5MUjNrUmUPZ9KSGn0mFhj4dGb/taW51H9eE+qDhc+nhOczDCArQXQ8rVdoqIMXoHOHvpr9f1M+Qbt8yczx0GKm/YWsLMU+oLSRLeqqhUGWc35ueRMdcVfJg7mj7Q==
zUPXFO/VNm3dIe3Be29RRDlchw5KU7TZxV9CqbkSyhxxSyQVnStODO0J/ulz/nsSJwL1i02URqdmjUUjOyhg5wn8acSQAqaXXviFjPiu8zsnc3BCIeQY6e+5HTOaOT4Xr6J1Ec0SJoxBWoKQAceASFQafytM1JCk4c3pbdw46OgDNd4nBzFmuDqTWgRAfrB8L8tJm3zJStlqTZl9H6IDSfw+58M8Ktm9CIY/Rbg1A+SKQ9OxVrfvdolCLaKawNm/HPLJ/ChipYdKxHnTTnU69CntcdN//xfzo6M=
v2XgvlUmrXRHmuY99h0UVtgtIfvaxIohOxikTx4jNiNDat/q3TkcrmkuJP+phKVxEQTNHZBqKbxpga6I20w9AZb/IFB/0tm7lvAyU64ksWp4PPk8iTq9JxjXPljm+GAqdq/Qs4UZGGR96bbIVTvU+A35WGSiqcWi8G10Unh9r6lZey/Wx6NOZBGnKby9p07ab1/u8sLw9eF+r7abkOWKo9g=
SO3rL7l6qmccZF7ahDa5LrWuA7/LpuLgmzrbi7KGoFYBxcz636ttKGns910sdmSIK900XsOpoU8taxRCJPbTh+oxX9saVloxfiLoJFwC35ldrcQDVhfqj527l5gPF2xME5WkAOUTqGRbo9AvL1o6UQfHrr0z+ElAaSTSOpUhTMB9avAIWemq5t11Zq9WClk/5WVHtYu9o+E=
ZACux5Mo7RShybHM9zanH311ehWZHWHPIWqi16PY8QVHV2IV3f2qHmtsizXUAEGhiE6kGzpYBeY7a9SEiLs0oMPKivijVLPOvzd648SQvJzSqsTLint/LXp0fx2MoA//Jlh/fcKMGN2HchJZDlpimZ3p65+1Xr0XrLRT0xNUp6M8+p2btJp4BHdxHBtMU8qBuKPq
Jn8xwYeiu5TtLefb3NdyhF5oA203DWdpdGm2Jn8M/21o0K1KHM4wc1YIuT7Pi8C8lMtYiPcKfhAP5C+2K5fOOzhAkLTGqtDjpquD9c7U62UQEKMX0phLVa78BOWTkuaBsgoO8Qlpf3dZjgFP2NRH6w+kS4sIuunzGCrk/OPRqEMwA+aprKP+
RzI6qxcdz8oXwUNqCBqt9vSWyoeL6vsDHdu41LRGx/c8SK3/bpHR8azkULTjqeY7d+1eJPqP4tgw4ghgz5dxRwzV8oVqESFhb347FRwiX19M9mGhyBoHmcgpO3hqH2ttJivXKgkeFT7qHGHj/G7x4Fi+nRuK2MEPPumC6MmxSQ8P46+vo/8=
oQltthYJPuuOgf2hiJ1CH1xoA3w1G2NpdGm2Jn8M/21o0K1MHM4wc1YIuT7Pi8C8lMtYiPcKfhAP5C+2K5fOOzhAkLTGqtDjpquD9c7U62UQEKMX0phLVa78BOWTkuaBsgoO8Qlpf3dZjgFP2NRH6w+kS4sIuunzGCrk/OPRqEMwA+aprKP+
uT6W0gtz3l9M35t/d4ebffSWzJGX9/sDHdu41LRGx/c8SKv/bpHR8azkULTjqeY7d+1eJPqP4tgw4ghgz5dxRwzV8oVqESFhb347FRwiX19M9mGhyBoHmcgpO3hqH2ttJivXKgkeFT7qHGHj/G7x4Fi+nRuK2MEPPumC6MmxSQ8P46+vo/8=
yEnDP0uNkD+f5Xp6pgzUzfSWzYeF8vsDHdu41LRGx/c8SKj/bpHR8azkULTjqeY7d+1eJPqP4tgw4ghgz5dxRwzV8oVqESFhb347FRwiX19M9mGhyBoHmcgpO3hqH2ttJivXKgkeFT7qHGHj/G7x4Fi+nRuK2MEPPumC6MmxSQ8P46+vo/8=
lMFzlsh0D76KDelAQhUPMBYDqJuixQ1blL0nXyVlLhDqC/cPa14fRxZIgquahix27tmuFhdMV/2QcOU7A88og56owa5nSyiMjKsQWA+KxkBHxDdGA9emq4CgWITeqsjTbks7ZaaUw5UIMOtHahizheacHNV7Uk4RyqrGARFpZwcRLvnfcJQv2xdEg9twOlEj0Ar8jMsRQNOIY66ZtKPm
PgrWUkFHGyHo5dgF+oDb1CnEcpbFB2Cr2aCs6YFilXPYqMZJztuFtEszcSBnNQWqV4iqaL6b25EFfWSzltuJd58efQ2Cja8PQhqa9bZ+uBCkLr/9dVH0F04b6ouVp4dsN3tMaPup1FQ93+ggE38Am1f22rWvux4pq3TJxOG4Qk4tzexkFdYA3AGsaSIVKTabriY5W82Zd6GTsaPl
